# JRE version: Java(TM) SE Runtime Environment (8.0_11-b12) (build 1.8.0_11-b12)
# Java VM: Java HotSpot(TM) 64-Bit Server VM (25.11-b03 mixed mode bsd-amd64 compressed oops)
Heap:
 PSYoungGen      total 11776K, used 4874K [0x0000000148900000, 0x0000000149c80000, 0x000000015de00000)
  eden space 9728K, 48% used [0x0000000148900000,0x0000000148d9a970,0x0000000149280000)
  from space 2048K, 7% used [0x0000000149280000,0x00000001492a8000,0x0000000149480000)
  to   space 2048K, 0% used [0x0000000149a80000,0x0000000149a80000,0x0000000149c80000)
 ParOldGen       total 64000K, used 11394K [0x000000011de00000, 0x0000000121c80000, 0x0000000148900000)
  object space 64000K, 17% used [0x000000011de00000,0x000000011e920950,0x0000000121c80000)
 Metaspace       used 10122K, capacity 10260K, committed 10496K, reserved 1058816K
  class space    used 1217K, capacity 1275K, committed 1280K, reserved 1048576K
GC Heap History (10 events):
Event: 7.338 GC heap before
{Heap before GC invocations=11 (full 0):
 PSYoungGen      total 5120K, used 4096K [0x0000000148900000, 0x0000000148f80000, 0x000000015de00000)
  eden space 3584K, 100% used [0x0000000148900000,0x0000000148c80000,0x0000000148c80000)
  from space 1536K, 33% used [0x0000000148e00000,0x0000000148e80118,0x0000000148f80000)
  to   space 1536K, 0% used [0x0000000148c80000,0x0000000148c80000,0x0000000148e00000)
 ParOldGen       total 64000K, used 8205K [0x000000011de00000, 0x0000000121c80000, 0x0000000148900000)
  object space 64000K, 12% used [0x000000011de00000,0x000000011e603468,0x0000000121c80000)
 Metaspace       used 9383K, capacity 9550K, committed 9728K, reserved 1058816K
  class space    used 1156K, capacity 1210K, committed 1280K, reserved 1048576K
Event: 7.340 GC heap after
Heap after GC invocations=11 (full 0):
 PSYoungGen      total 5120K, used 409K [0x0000000148900000, 0x0000000149200000, 0x000000015de00000)
  eden space 3584K, 0% used [0x0000000148900000,0x0000000148900000,0x0000000148c80000)
  from space 1536K, 26% used [0x0000000148c80000,0x0000000148ce6658,0x0000000148e00000)
  to   space 1536K, 0% used [0x0000000149080000,0x0000000149080000,0x0000000149200000)
 ParOldGen       total 64000K, used 8580K [0x000000011de00000, 0x0000000121c80000, 0x0000000148900000)
  object space 64000K, 13% used [0x000000011de00000,0x000000011e6611b8,0x0000000121c80000)
 Metaspace       used 9383K, capacity 9550K, committed 9728K, reserved 1058816K
  class space    used 1156K, capacity 1210K, committed 1280K, reserved 1048576K
}
Event: 7.364 GC heap before
{Heap before GC invocations=12 (full 0):
 PSYoungGen      total 5120K, used 3993K [0x0000000148900000, 0x0000000149200000, 0x000000015de00000)
  eden space 3584K, 100% used [0x0000000148900000,0x0000000148c80000,0x0000000148c80000)
  from space 1536K, 26% used [0x0000000148c80000,0x0000000148ce6658,0x0000000148e00000)
  to   space 1536K, 0% used [0x0000000149080000,0x0000000149080000,0x0000000149200000)
 ParOldGen       total 64000K, used 8580K [0x000000011de00000, 0x0000000121c80000, 0x0000000148900000)
  object space 64000K, 13% used [0x000000011de00000,0x000000011e6611b8,0x0000000121c80000)
 Metaspace       used 9399K, capacity 9550K, committed 9728K, reserved 1058816K
  class space    used 1156K, capacity 1210K, committed 1280K, reserved 1048576K
Event: 7.366 GC heap after
Heap after GC invocations=12 (full 0):
 PSYoungGen      total 7680K, used 416K [0x0000000148900000, 0x0000000149200000, 0x000000015de00000)
  eden space 6144K, 0% used [0x0000000148900000,0x0000000148900000,0x0000000148f00000)
  from space 1536K, 27% used [0x0000000149080000,0x00000001490e8000,0x0000000149200000)
  to   space 1536K, 0% used [0x0000000148f00000,0x0000000148f00000,0x0000000149080000)
 ParOldGen       total 64000K, used 8894K [0x000000011de00000, 0x0000000121c80000, 0x0000000148900000)
  object space 64000K, 13% used [0x000000011de00000,0x000000011e6af810,0x0000000121c80000)
 Metaspace       used 9399K, capacity 9550K, committed 9728K, reserved 1058816K
  class space    used 1156K, capacity 1210K, committed 1280K, reserved 1048576K
}
Event: 7.401 GC heap before
{Heap before GC invocations=13 (full 0):
 PSYoungGen      total 7680K, used 6560K [0x0000000148900000, 0x0000000149200000, 0x000000015de00000)
  eden space 6144K, 100% used [0x0000000148900000,0x0000000148f00000,0x0000000148f00000)
  from space 1536K, 27% used [0x0000000149080000,0x00000001490e8000,0x0000000149200000)
  to   space 1536K, 0% used [0x0000000148f00000,0x0000000148f00000,0x0000000149080000)
 ParOldGen       total 64000K, used 8894K [0x000000011de00000, 0x0000000121c80000, 0x0000000148900000)
  object space 64000K, 13% used [0x000000011de00000,0x000000011e6af810,0x0000000121c80000)
 Metaspace       used 9475K, capacity 9614K, committed 9728K, reserved 1058816K
  class space    used 1164K, capacity 1210K, committed 1280K, reserved 1048576K
Event: 7.404 GC heap after
Heap after GC invocations=13 (full 0):
 PSYoungGen      total 7680K, used 1088K [0x0000000148900000, 0x0000000149600000, 0x000000015de00000)
  eden space 6144K, 0% used [0x0000000148900000,0x0000000148900000,0x0000000148f00000)
  from space 1536K, 70% used [0x0000000148f00000,0x0000000149010000,0x0000000149080000)
  to   space 1536K, 0% used [0x0000000149480000,0x0000000149480000,0x0000000149600000)
 ParOldGen       total 64000K, used 9254K [0x000000011de00000, 0x0000000121c80000, 0x0000000148900000)
  object space 64000K, 14% used [0x000000011de00000,0x000000011e709810,0x0000000121c80000)
 Metaspace       used 9475K, capacity 9614K, committed 9728K, reserved 1058816K
  class space    used 1164K, capacity 1210K, committed 1280K, reserved 1048576K
}
Event: 11.758 GC heap before
{Heap before GC invocations=14 (full 0):
 PSYoungGen      total 7680K, used 7232K [0x0000000148900000, 0x0000000149600000, 0x000000015de00000)
  eden space 6144K, 100% used [0x0000000148900000,0x0000000148f00000,0x0000000148f00000)
  from space 1536K, 70% used [0x0000000148f00000,0x0000000149010000,0x0000000149080000)
  to   space 1536K, 0% used [0x0000000149480000,0x0000000149480000,0x0000000149600000)
 ParOldGen       total 64000K, used 9254K [0x000000011de00000, 0x0000000121c80000, 0x0000000148900000)
  object space 64000K, 14% used [0x000000011de00000,0x000000011e709810,0x0000000121c80000)
 Metaspace       used 10093K, capacity 10190K, committed 10240K, reserved 1058816K
  class space    used 1216K, capacity 1274K, committed 1280K, reserved 1048576K
Event: 11.762 GC heap after
Heap after GC invocations=14 (full 0):
 PSYoungGen      total 11264K, used 1216K [0x0000000148900000, 0x0000000149700000, 0x000000015de00000)
  eden space 9728K, 0% used [0x0000000148900000,0x0000000148900000,0x0000000149280000)
  from space 1536K, 79% used [0x0000000149480000,0x00000001495b0000,0x0000000149600000)
  to   space 2048K, 0% used [0x0000000149280000,0x0000000149280000,0x0000000149480000)
 ParOldGen       total 64000K, used 10270K [0x000000011de00000, 0x0000000121c80000, 0x0000000148900000)
  object space 64000K, 16% used [0x000000011de00000,0x000000011e807810,0x0000000121c80000)
 Metaspace       used 10093K, capacity 10190K, committed 10240K, reserved 1058816K
  class space    used 1216K, capacity 1274K, committed 1280K, reserved 1048576K
}
Event: 20.979 GC heap before
{Heap before GC invocations=15 (full 0):
 PSYoungGen      total 11264K, used 10944K [0x0000000148900000, 0x0000000149700000, 0x000000015de00000)
  eden space 9728K, 100% used [0x0000000148900000,0x0000000149280000,0x0000000149280000)
  from space 1536K, 79% used [0x0000000149480000,0x00000001495b0000,0x0000000149600000)
  to   space 2048K, 0% used [0x0000000149280000,0x0000000149280000,0x0000000149480000)
 ParOldGen       total 64000K, used 10270K [0x000000011de00000, 0x0000000121c80000, 0x0000000148900000)
  object space 64000K, 16% used [0x000000011de00000,0x000000011e807810,0x0000000121c80000)
 Metaspace       used 10112K, capacity 10260K, committed 10496K, reserved 1058816K
  class space    used 1217K, capacity 1275K, committed 1280K, reserved 1048576K
Event: 20.982 GC heap after
Heap after GC invocations=15 (full 0):
 PSYoungGen      total 11776K, used 160K [0x0000000148900000, 0x0000000149c80000, 0x000000015de00000)
  eden space 9728K, 0% used [0x0000000148900000,0x0000000148900000,0x0000000149280000)
  from space 2048K, 7% used [0x0000000149280000,0x00000001492a8000,0x0000000149480000)
  to   space 2048K, 0% used [0x0000000149a80000,0x0000000149a80000,0x0000000149c80000)
 ParOldGen       total 64000K, used 11394K [0x000000011de00000, 0x0000000121c80000, 0x0000000148900000)
  object space 64000K, 17% used [0x000000011de00000,0x000000011e920950,0x0000000121c80000)
 Metaspace       used 10112K, capacity 10260K, committed 10496K, reserved 1058816K
  class space    used 1217K, capacity 1275K, committed 1280K, reserved 1048576K
}

