# JRE version: Java(TM) SE Runtime Environment (8.0_11-b12) (build 1.8.0_11-b12)
# Java VM: Java HotSpot(TM) 64-Bit Server VM (25.11-b03 mixed mode bsd-amd64 compressed oops)
Heap:
 PSYoungGen      total 10752K, used 5831K [0x00000007aab00000, 0x00000007ab680000, 0x00000007c0000000)
  eden space 10240K, 56% used [0x00000007aab00000,0x00000007ab0a1d98,0x00000007ab500000)
  from space 512K, 12% used [0x00000007ab600000,0x00000007ab610000,0x00000007ab680000)
  to   space 512K, 0% used [0x00000007ab580000,0x00000007ab580000,0x00000007ab600000)
 ParOldGen       total 64000K, used 12383K [0x0000000780000000, 0x0000000783e80000, 0x00000007aab00000)
  object space 64000K, 19% used [0x0000000780000000,0x0000000780c17fd8,0x0000000783e80000)
 Metaspace       used 10326K, capacity 10418K, committed 10496K, reserved 1058816K
  class space    used 1220K, capacity 1280K, committed 1280K, reserved 1048576K
GC Heap History (10 events):
Event: 128.381 GC heap before
{Heap before GC invocations=56 (full 0):
 PSYoungGen      total 10752K, used 10304K [0x00000007aab00000, 0x00000007ab680000, 0x00000007c0000000)
  eden space 10240K, 100% used [0x00000007aab00000,0x00000007ab500000,0x00000007ab500000)
  from space 512K, 12% used [0x00000007ab580000,0x00000007ab590000,0x00000007ab600000)
  to   space 512K, 0% used [0x00000007ab600000,0x00000007ab600000,0x00000007ab680000)
 ParOldGen       total 64000K, used 12303K [0x0000000780000000, 0x0000000783e80000, 0x00000007aab00000)
  object space 64000K, 19% used [0x0000000780000000,0x0000000780c03fd8,0x0000000783e80000)
 Metaspace       used 10314K, capacity 10406K, committed 10496K, reserved 1058816K
  class space    used 1219K, capacity 1278K, committed 1280K, reserved 1048576K
Event: 128.382 GC heap after
Heap after GC invocations=56 (full 0):
 PSYoungGen      total 10752K, used 96K [0x00000007aab00000, 0x00000007ab680000, 0x00000007c0000000)
  eden space 10240K, 0% used [0x00000007aab00000,0x00000007aab00000,0x00000007ab500000)
  from space 512K, 18% used [0x00000007ab600000,0x00000007ab618000,0x00000007ab680000)
  to   space 512K, 0% used [0x00000007ab580000,0x00000007ab580000,0x00000007ab600000)
 ParOldGen       total 64000K, used 12311K [0x0000000780000000, 0x0000000783e80000, 0x00000007aab00000)
  object space 64000K, 19% used [0x0000000780000000,0x0000000780c05fd8,0x0000000783e80000)
 Metaspace       used 10314K, capacity 10406K, committed 10496K, reserved 1058816K
  class space    used 1219K, capacity 1278K, committed 1280K, reserved 1048576K
}
Event: 131.112 GC heap before
{Heap before GC invocations=57 (full 0):
 PSYoungGen      total 10752K, used 10336K [0x00000007aab00000, 0x00000007ab680000, 0x00000007c0000000)
  eden space 10240K, 100% used [0x00000007aab00000,0x00000007ab500000,0x00000007ab500000)
  from space 512K, 18% used [0x00000007ab600000,0x00000007ab618000,0x00000007ab680000)
  to   space 512K, 0% used [0x00000007ab580000,0x00000007ab580000,0x00000007ab600000)
 ParOldGen       total 64000K, used 12311K [0x0000000780000000, 0x0000000783e80000, 0x00000007aab00000)
  object space 64000K, 19% used [0x0000000780000000,0x0000000780c05fd8,0x0000000783e80000)
 Metaspace       used 10314K, capacity 10406K, committed 10496K, reserved 1058816K
  class space    used 1219K, capacity 1278K, committed 1280K, reserved 1048576K
Event: 131.114 GC heap after
Heap after GC invocations=57 (full 0):
 PSYoungGen      total 10752K, used 128K [0x00000007aab00000, 0x00000007ab680000, 0x00000007c0000000)
  eden space 10240K, 0% used [0x00000007aab00000,0x00000007aab00000,0x00000007ab500000)
  from space 512K, 25% used [0x00000007ab580000,0x00000007ab5a0000,0x00000007ab600000)
  to   space 512K, 0% used [0x00000007ab600000,0x00000007ab600000,0x00000007ab680000)
 ParOldGen       total 64000K, used 12335K [0x0000000780000000, 0x0000000783e80000, 0x00000007aab00000)
  object space 64000K, 19% used [0x0000000780000000,0x0000000780c0bfd8,0x0000000783e80000)
 Metaspace       used 10314K, capacity 10406K, committed 10496K, reserved 1058816K
  class space    used 1219K, capacity 1278K, committed 1280K, reserved 1048576K
}
Event: 133.828 GC heap before
{Heap before GC invocations=58 (full 0):
 PSYoungGen      total 10752K, used 10368K [0x00000007aab00000, 0x00000007ab680000, 0x00000007c0000000)
  eden space 10240K, 100% used [0x00000007aab00000,0x00000007ab500000,0x00000007ab500000)
  from space 512K, 25% used [0x00000007ab580000,0x00000007ab5a0000,0x00000007ab600000)
  to   space 512K, 0% used [0x00000007ab600000,0x00000007ab600000,0x00000007ab680000)
 ParOldGen       total 64000K, used 12335K [0x0000000780000000, 0x0000000783e80000, 0x00000007aab00000)
  object space 64000K, 19% used [0x0000000780000000,0x0000000780c0bfd8,0x0000000783e80000)
 Metaspace       used 10322K, capacity 10418K, committed 10496K, reserved 1058816K
  class space    used 1220K, capacity 1280K, committed 1280K, reserved 1048576K
Event: 133.829 GC heap after
Heap after GC invocations=58 (full 0):
 PSYoungGen      total 10752K, used 128K [0x00000007aab00000, 0x00000007ab680000, 0x00000007c0000000)
  eden space 10240K, 0% used [0x00000007aab00000,0x00000007aab00000,0x00000007ab500000)
  from space 512K, 25% used [0x00000007ab600000,0x00000007ab620000,0x00000007ab680000)
  to   space 512K, 0% used [0x00000007ab580000,0x00000007ab580000,0x00000007ab600000)
 ParOldGen       total 64000K, used 12343K [0x0000000780000000, 0x0000000783e80000, 0x00000007aab00000)
  object space 64000K, 19% used [0x0000000780000000,0x0000000780c0dfd8,0x0000000783e80000)
 Metaspace       used 10322K, capacity 10418K, committed 10496K, reserved 1058816K
  class space    used 1220K, capacity 1280K, committed 1280K, reserved 1048576K
}
Event: 136.574 GC heap before
{Heap before GC invocations=59 (full 0):
 PSYoungGen      total 10752K, used 10368K [0x00000007aab00000, 0x00000007ab680000, 0x00000007c0000000)
  eden space 10240K, 100% used [0x00000007aab00000,0x00000007ab500000,0x00000007ab500000)
  from space 512K, 25% used [0x00000007ab600000,0x00000007ab620000,0x00000007ab680000)
  to   space 512K, 0% used [0x00000007ab580000,0x00000007ab580000,0x00000007ab600000)
 ParOldGen       total 64000K, used 12343K [0x0000000780000000, 0x0000000783e80000, 0x00000007aab00000)
  object space 64000K, 19% used [0x0000000780000000,0x0000000780c0dfd8,0x0000000783e80000)
 Metaspace       used 10322K, capacity 10418K, committed 10496K, reserved 1058816K
  class space    used 1220K, capacity 1280K, committed 1280K, reserved 1048576K
Event: 136.575 GC heap after
Heap after GC invocations=59 (full 0):
 PSYoungGen      total 10752K, used 96K [0x00000007aab00000, 0x00000007ab680000, 0x00000007c0000000)
  eden space 10240K, 0% used [0x00000007aab00000,0x00000007aab00000,0x00000007ab500000)
  from space 512K, 18% used [0x00000007ab580000,0x00000007ab598000,0x00000007ab600000)
  to   space 512K, 0% used [0x00000007ab600000,0x00000007ab600000,0x00000007ab680000)
 ParOldGen       total 64000K, used 12383K [0x0000000780000000, 0x0000000783e80000, 0x00000007aab00000)
  object space 64000K, 19% used [0x0000000780000000,0x0000000780c17fd8,0x0000000783e80000)
 Metaspace       used 10322K, capacity 10418K, committed 10496K, reserved 1058816K
  class space    used 1220K, capacity 1280K, committed 1280K, reserved 1048576K
}
Event: 139.282 GC heap before
{Heap before GC invocations=60 (full 0):
 PSYoungGen      total 10752K, used 10336K [0x00000007aab00000, 0x00000007ab680000, 0x00000007c0000000)
  eden space 10240K, 100% used [0x00000007aab00000,0x00000007ab500000,0x00000007ab500000)
  from space 512K, 18% used [0x00000007ab580000,0x00000007ab598000,0x00000007ab600000)
  to   space 512K, 0% used [0x00000007ab600000,0x00000007ab600000,0x00000007ab680000)
 ParOldGen       total 64000K, used 12383K [0x0000000780000000, 0x0000000783e80000, 0x00000007aab00000)
  object space 64000K, 19% used [0x0000000780000000,0x0000000780c17fd8,0x0000000783e80000)
 Metaspace       used 10322K, capacity 10418K, committed 10496K, reserved 1058816K
  class space    used 1220K, capacity 1280K, committed 1280K, reserved 1048576K
Event: 139.283 GC heap after
Heap after GC invocations=60 (full 0):
 PSYoungGen      total 10752K, used 64K [0x00000007aab00000, 0x00000007ab680000, 0x00000007c0000000)
  eden space 10240K, 0% used [0x00000007aab00000,0x00000007aab00000,0x00000007ab500000)
  from space 512K, 12% used [0x00000007ab600000,0x00000007ab610000,0x00000007ab680000)
  to   space 512K, 0% used [0x00000007ab580000,0x00000007ab580000,0x00000007ab600000)
 ParOldGen       total 64000K, used 12383K [0x0000000780000000, 0x0000000783e80000, 0x00000007aab00000)
  object space 64000K, 19% used [0x0000000780000000,0x0000000780c17fd8,0x0000000783e80000)
 Metaspace       used 10322K, capacity 10418K, committed 10496K, reserved 1058816K
  class space    used 1220K, capacity 1280K, committed 1280K, reserved 1048576K
}

